<?xml version="1.0" encoding="UTF-8"?>
<!-- Generated by org.testng.reporters.JUnitReportReporter -->
<testsuite skipped="0" hostname="LAPTOP-UDHL79C8" name="com.amazon.qa.util.WriteXML" tests="1" failures="0" timestamp="28 Nov 2019 18:52:44 GMT" time="0.621" errors="0">
  <testcase name="s" time="0.621" classname="com.amazon.qa.util.WriteXML"/>
</testsuite> <!-- com.amazon.qa.util.WriteXML -->
