<?xml version="1.0" encoding="UTF-8"?>
<!-- Generated by org.testng.reporters.JUnitReportReporter -->
<testsuite skipped="0" hostname="LAPTOP-UDHL79C8" name="com.amazon.qa.util.ReadingXML" tests="1" failures="0" timestamp="28 Nov 2019 15:53:00 GMT" time="0.615" errors="0">
  <testcase name="getDataFromExcel" time="0.615" classname="com.amazon.qa.util.ReadingXML"/>
</testsuite> <!-- com.amazon.qa.util.ReadingXML -->
